{"level":"info","time":"2026-03-09T15:55:32.331Z","pid":11776,"hostname":"DESKTOP-EHA45PF","msg":"Recovering existing sessions..."}
{"level":"info","time":"2026-03-09T15:55:32.342Z","pid":11776,"hostname":"DESKTOP-EHA45PF","msg":"Server running on port 3001"}
{"level":"info","time":"2026-03-09T15:55:32.342Z","pid":11776,"hostname":"DESKTOP-EHA45PF","msg":"API Documentation available at http://localhost:3001/api-docs"}
{"level":"info","time":"2026-03-09T15:55:32.342Z","pid":11776,"hostname":"DESKTOP-EHA45PF","msg":"Dashboard available at http://localhost:3001/dashboard"}
{"level":"info","time":"2026-03-09T15:55:32.409Z","pid":11776,"hostname":"DESKTOP-EHA45PF","target":"quaint::pooled","message":"Starting a postgresql pool with 13 connections.","msg":"Database Info"}
{"level":"info","time":"2026-03-09T15:55:33.002Z","pid":11776,"hostname":"DESKTOP-EHA45PF","msg":"Found 1 active sessions to recover"}
{"level":"info","time":"2026-03-09T15:55:33.003Z","pid":11776,"hostname":"DESKTOP-EHA45PF","msg":"Recovering session bainknet_admin..."}
{"level":"info","time":"2026-03-09T15:55:33.409Z","pid":11776,"hostname":"DESKTOP-EHA45PF","component":"whatsapp","msg":"Connection update for bainknet_admin:"}
{"level":"info","time":"2026-03-09T15:55:33.568Z","pid":11776,"hostname":"DESKTOP-EHA45PF","msg":"Session bainknet_admin connection initiated"}
{"level":"info","time":"2026-03-09T15:55:33.568Z","pid":11776,"hostname":"DESKTOP-EHA45PF","msg":"Session recovery process completed"}
{"level":"info","time":"2026-03-09T15:55:33.718Z","pid":11776,"hostname":"DESKTOP-EHA45PF","component":"whatsapp","browser":["Ubuntu","Chrome","22.04.4"],"helloMsg":{"clientHello":{"ephemeral":"3exB4mbV8dGgGOcBW+THHoj3KivqoDooExB81NRYURY="}},"msg":"connected to WA"}
{"level":"info","time":"2026-03-09T15:55:34.042Z","pid":11776,"hostname":"DESKTOP-EHA45PF","component":"whatsapp","node":{"username":"6285196101059","passive":false,"userAgent":{"platform":"WEB","appVersion":{"primary":2,"secondary":3000,"tertiary":1033846690},"mcc":"000","mnc":"000","osVersion":"0.1","device":"Desktop","osBuildNumber":"0.1","releaseChannel":"RELEASE","localeLanguageIso6391":"en","localeCountryIso31661Alpha2":"US"},"webInfo":{"webSubPlatform":"WEB_BROWSER"},"connectType":"WIFI_UNKNOWN","connectReason":"USER_ACTIVATED","device":5,"pull":true},"msg":"logging in..."}
{"level":"info","time":"2026-03-09T15:55:36.078Z","pid":11776,"hostname":"DESKTOP-EHA45PF","component":"whatsapp","trace":"Error: Connection Failure\n    at WebSocketClient.<anonymous> (C:\\Users\\HOME\\Downloads\\Baileys-2025-Rest-API-main\\src\\Socket\\socket.ts:672:7)\n    at WebSocketClient.emit (node:events:518:28)\n    at C:\\Users\\HOME\\Downloads\\Baileys-2025-Rest-API-main\\src\\Socket\\socket.ts:343:23\n    at Object.decodeFrame (C:\\Users\\HOME\\Downloads\\Baileys-2025-Rest-API-main\\src\\Utils\\noise-handler.ts:186:5)\n    at processTicksAndRejections (node:internal/process/task_queues:105:5)","msg":"connection errored"}
{"level":"info","time":"2026-03-09T15:55:36.080Z","pid":11776,"hostname":"DESKTOP-EHA45PF","component":"whatsapp","msg":"Connection update for bainknet_admin:"}
{"level":"info","time":"2026-03-09T15:55:36.080Z","pid":11776,"hostname":"DESKTOP-EHA45PF","component":"whatsapp","msg":"Session bainknet_admin logged out"}
{"level":"info","time":"2026-03-09T16:05:48.646Z","pid":11776,"hostname":"DESKTOP-EHA45PF","msg":"SIGINT received, shutting down gracefully"}
{"level":"info","time":"2026-03-09T16:08:21.426Z","pid":5480,"hostname":"DESKTOP-EHA45PF","msg":"Recovering existing sessions..."}
{"level":"info","time":"2026-03-09T16:08:21.430Z","pid":5480,"hostname":"DESKTOP-EHA45PF","msg":"Server running on port 3001"}
{"level":"info","time":"2026-03-09T16:08:21.431Z","pid":5480,"hostname":"DESKTOP-EHA45PF","msg":"API Documentation available at http://localhost:3001/api-docs"}
{"level":"info","time":"2026-03-09T16:08:21.431Z","pid":5480,"hostname":"DESKTOP-EHA45PF","msg":"Dashboard available at http://localhost:3001/dashboard"}
{"level":"info","time":"2026-03-09T16:08:21.472Z","pid":5480,"hostname":"DESKTOP-EHA45PF","target":"quaint::pooled","message":"Starting a postgresql pool with 13 connections.","msg":"Database Info"}
{"level":"info","time":"2026-03-09T16:08:21.974Z","pid":5480,"hostname":"DESKTOP-EHA45PF","msg":"No active sessions to recover"}
{"level":"info","time":"2026-03-09T16:08:44.266Z","pid":5480,"hostname":"DESKTOP-EHA45PF","msg":"::1 - - [09/Mar/2026:16:08:44 +0000] \"POST /api/auth/login HTTP/1.1\" 401 86 \"-\" \"node\""}
{"level":"info","time":"2026-03-09T16:17:48.147Z","pid":5480,"hostname":"DESKTOP-EHA45PF","msg":"SIGINT received, shutting down gracefully"}
